Hanning apodisation window
--- Creation of the dictionary of the free-space operators ---
--- END Creation of the dictionary of the free-space operators ---
--- Dedicated time (s) --- 0.0
 
Iteration 1 / 1000 . Distance = 10.0
Iteration 2 / 1000 . Distance = 20.0
Iteration 3 / 1000 . Distance = 30.0
Iteration 4 / 1000 . Distance = 40.0
Iteration 5 / 1000 . Distance = 50.0
Iteration 6 / 1000 . Distance = 60.0
Iteration 7 / 1000 . Distance = 70.0
Iteration 8 / 1000 . Distance = 80.0
Iteration 9 / 1000 . Distance = 90.0
Iteration 10 / 1000 . Distance = 100.0
Iteration 11 / 1000 . Distance = 110.0
Iteration 12 / 1000 . Distance = 120.0
Iteration 13 / 1000 . Distance = 130.0
Iteration 14 / 1000 . Distance = 140.0
Iteration 15 / 1000 . Distance = 150.0
Iteration 16 / 1000 . Distance = 160.0
Iteration 17 / 1000 . Distance = 170.0
Iteration 18 / 1000 . Distance = 180.0
Iteration 19 / 1000 . Distance = 190.0
Iteration 20 / 1000 . Distance = 200.0
Iteration 21 / 1000 . Distance = 210.0
Iteration 22 / 1000 . Distance = 220.0
Iteration 23 / 1000 . Distance = 230.0
Iteration 24 / 1000 . Distance = 240.0
Iteration 25 / 1000 . Distance = 250.0
Iteration 26 / 1000 . Distance = 260.0
Iteration 27 / 1000 . Distance = 270.0
Iteration 28 / 1000 . Distance = 280.0
Iteration 29 / 1000 . Distance = 290.0
Iteration 30 / 1000 . Distance = 300.0
Iteration 31 / 1000 . Distance = 310.0
Iteration 32 / 1000 . Distance = 320.0
Iteration 33 / 1000 . Distance = 330.0
Iteration 34 / 1000 . Distance = 340.0
Iteration 35 / 1000 . Distance = 350.0
Iteration 36 / 1000 . Distance = 360.0
Iteration 37 / 1000 . Distance = 370.0
Iteration 38 / 1000 . Distance = 380.0
Iteration 39 / 1000 . Distance = 390.0
Iteration 40 / 1000 . Distance = 400.0
Iteration 41 / 1000 . Distance = 410.0
Iteration 42 / 1000 . Distance = 420.0
Iteration 43 / 1000 . Distance = 430.0
Iteration 44 / 1000 . Distance = 440.0
Iteration 45 / 1000 . Distance = 450.0
Iteration 46 / 1000 . Distance = 460.0
Iteration 47 / 1000 . Distance = 470.0
Iteration 48 / 1000 . Distance = 480.0
Iteration 49 / 1000 . Distance = 490.0
Iteration 50 / 1000 . Distance = 500.0
Iteration 51 / 1000 . Distance = 510.0
Iteration 52 / 1000 . Distance = 520.0
Iteration 53 / 1000 . Distance = 530.0
Iteration 54 / 1000 . Distance = 540.0
Iteration 55 / 1000 . Distance = 550.0
Iteration 56 / 1000 . Distance = 560.0
Iteration 57 / 1000 . Distance = 570.0
Iteration 58 / 1000 . Distance = 580.0
Iteration 59 / 1000 . Distance = 590.0
Iteration 60 / 1000 . Distance = 600.0
Iteration 61 / 1000 . Distance = 610.0
Iteration 62 / 1000 . Distance = 620.0
Iteration 63 / 1000 . Distance = 630.0
Iteration 64 / 1000 . Distance = 640.0
Iteration 65 / 1000 . Distance = 650.0
Iteration 66 / 1000 . Distance = 660.0
Iteration 67 / 1000 . Distance = 670.0
Iteration 68 / 1000 . Distance = 680.0
Iteration 69 / 1000 . Distance = 690.0
Iteration 70 / 1000 . Distance = 700.0
Iteration 71 / 1000 . Distance = 710.0
Iteration 72 / 1000 . Distance = 720.0
Iteration 73 / 1000 . Distance = 730.0
Iteration 74 / 1000 . Distance = 740.0
Iteration 75 / 1000 . Distance = 750.0
Iteration 76 / 1000 . Distance = 760.0
Iteration 77 / 1000 . Distance = 770.0
Iteration 78 / 1000 . Distance = 780.0
Iteration 79 / 1000 . Distance = 790.0
Iteration 80 / 1000 . Distance = 800.0
Iteration 81 / 1000 . Distance = 810.0
Iteration 82 / 1000 . Distance = 820.0
Iteration 83 / 1000 . Distance = 830.0
Iteration 84 / 1000 . Distance = 840.0
Iteration 85 / 1000 . Distance = 850.0
Iteration 86 / 1000 . Distance = 860.0
Iteration 87 / 1000 . Distance = 870.0
Iteration 88 / 1000 . Distance = 880.0
Iteration 89 / 1000 . Distance = 890.0
Iteration 90 / 1000 . Distance = 900.0
Iteration 91 / 1000 . Distance = 910.0
Iteration 92 / 1000 . Distance = 920.0
Iteration 93 / 1000 . Distance = 930.0
Iteration 94 / 1000 . Distance = 940.0
Iteration 95 / 1000 . Distance = 950.0
Iteration 96 / 1000 . Distance = 960.0
Iteration 97 / 1000 . Distance = 970.0
Iteration 98 / 1000 . Distance = 980.0
Iteration 99 / 1000 . Distance = 990.0
Iteration 100 / 1000 . Distance = 1000.0
Iteration 101 / 1000 . Distance = 1010.0
Iteration 102 / 1000 . Distance = 1020.0
Iteration 103 / 1000 . Distance = 1030.0
Iteration 104 / 1000 . Distance = 1040.0
Iteration 105 / 1000 . Distance = 1050.0
Iteration 106 / 1000 . Distance = 1060.0
Iteration 107 / 1000 . Distance = 1070.0
Iteration 108 / 1000 . Distance = 1080.0
Iteration 109 / 1000 . Distance = 1090.0
Iteration 110 / 1000 . Distance = 1100.0
Iteration 111 / 1000 . Distance = 1110.0
Iteration 112 / 1000 . Distance = 1120.0
Iteration 113 / 1000 . Distance = 1130.0
Iteration 114 / 1000 . Distance = 1140.0
Iteration 115 / 1000 . Distance = 1150.0
Iteration 116 / 1000 . Distance = 1160.0
Iteration 117 / 1000 . Distance = 1170.0
Iteration 118 / 1000 . Distance = 1180.0
Iteration 119 / 1000 . Distance = 1190.0
Iteration 120 / 1000 . Distance = 1200.0
Iteration 121 / 1000 . Distance = 1210.0
Iteration 122 / 1000 . Distance = 1220.0
Iteration 123 / 1000 . Distance = 1230.0
Iteration 124 / 1000 . Distance = 1240.0
Iteration 125 / 1000 . Distance = 1250.0
Iteration 126 / 1000 . Distance = 1260.0
Iteration 127 / 1000 . Distance = 1270.0
Iteration 128 / 1000 . Distance = 1280.0
Iteration 129 / 1000 . Distance = 1290.0
Iteration 130 / 1000 . Distance = 1300.0
Iteration 131 / 1000 . Distance = 1310.0
Iteration 132 / 1000 . Distance = 1320.0
Iteration 133 / 1000 . Distance = 1330.0
Iteration 134 / 1000 . Distance = 1340.0
Iteration 135 / 1000 . Distance = 1350.0
Iteration 136 / 1000 . Distance = 1360.0
Iteration 137 / 1000 . Distance = 1370.0
Iteration 138 / 1000 . Distance = 1380.0
Iteration 139 / 1000 . Distance = 1390.0
Iteration 140 / 1000 . Distance = 1400.0
Iteration 141 / 1000 . Distance = 1410.0
Iteration 142 / 1000 . Distance = 1420.0
Iteration 143 / 1000 . Distance = 1430.0
Iteration 144 / 1000 . Distance = 1440.0
Iteration 145 / 1000 . Distance = 1450.0
Iteration 146 / 1000 . Distance = 1460.0
Iteration 147 / 1000 . Distance = 1470.0
Iteration 148 / 1000 . Distance = 1480.0
Iteration 149 / 1000 . Distance = 1490.0
Iteration 150 / 1000 . Distance = 1500.0
Iteration 151 / 1000 . Distance = 1510.0
Iteration 152 / 1000 . Distance = 1520.0
Iteration 153 / 1000 . Distance = 1530.0
Iteration 154 / 1000 . Distance = 1540.0
Iteration 155 / 1000 . Distance = 1550.0
Iteration 156 / 1000 . Distance = 1560.0
Iteration 157 / 1000 . Distance = 1570.0
Iteration 158 / 1000 . Distance = 1580.0
Iteration 159 / 1000 . Distance = 1590.0
Iteration 160 / 1000 . Distance = 1600.0
Iteration 161 / 1000 . Distance = 1610.0
Iteration 162 / 1000 . Distance = 1620.0
Iteration 163 / 1000 . Distance = 1630.0
Iteration 164 / 1000 . Distance = 1640.0
Iteration 165 / 1000 . Distance = 1650.0
Iteration 166 / 1000 . Distance = 1660.0
Iteration 167 / 1000 . Distance = 1670.0
Iteration 168 / 1000 . Distance = 1680.0
Iteration 169 / 1000 . Distance = 1690.0
Iteration 170 / 1000 . Distance = 1700.0
Iteration 171 / 1000 . Distance = 1710.0
Iteration 172 / 1000 . Distance = 1720.0
Iteration 173 / 1000 . Distance = 1730.0
Iteration 174 / 1000 . Distance = 1740.0
Iteration 175 / 1000 . Distance = 1750.0
Iteration 176 / 1000 . Distance = 1760.0
Iteration 177 / 1000 . Distance = 1770.0
Iteration 178 / 1000 . Distance = 1780.0
Iteration 179 / 1000 . Distance = 1790.0
Iteration 180 / 1000 . Distance = 1800.0
Iteration 181 / 1000 . Distance = 1810.0
Iteration 182 / 1000 . Distance = 1820.0
Iteration 183 / 1000 . Distance = 1830.0
Iteration 184 / 1000 . Distance = 1840.0
Iteration 185 / 1000 . Distance = 1850.0
Iteration 186 / 1000 . Distance = 1860.0
Iteration 187 / 1000 . Distance = 1870.0
Iteration 188 / 1000 . Distance = 1880.0
Iteration 189 / 1000 . Distance = 1890.0
Iteration 190 / 1000 . Distance = 1900.0
Iteration 191 / 1000 . Distance = 1910.0
Iteration 192 / 1000 . Distance = 1920.0
Iteration 193 / 1000 . Distance = 1930.0
Iteration 194 / 1000 . Distance = 1940.0
Iteration 195 / 1000 . Distance = 1950.0
Iteration 196 / 1000 . Distance = 1960.0
Iteration 197 / 1000 . Distance = 1970.0
Iteration 198 / 1000 . Distance = 1980.0
Iteration 199 / 1000 . Distance = 1990.0
Iteration 200 / 1000 . Distance = 2000.0
Iteration 201 / 1000 . Distance = 2010.0
Iteration 202 / 1000 . Distance = 2020.0
Iteration 203 / 1000 . Distance = 2030.0
Iteration 204 / 1000 . Distance = 2040.0
Iteration 205 / 1000 . Distance = 2050.0
Iteration 206 / 1000 . Distance = 2060.0
Iteration 207 / 1000 . Distance = 2070.0
Iteration 208 / 1000 . Distance = 2080.0
Iteration 209 / 1000 . Distance = 2090.0
Iteration 210 / 1000 . Distance = 2100.0
Iteration 211 / 1000 . Distance = 2110.0
Iteration 212 / 1000 . Distance = 2120.0
Iteration 213 / 1000 . Distance = 2130.0
Iteration 214 / 1000 . Distance = 2140.0
Iteration 215 / 1000 . Distance = 2150.0
Iteration 216 / 1000 . Distance = 2160.0
Iteration 217 / 1000 . Distance = 2170.0
Iteration 218 / 1000 . Distance = 2180.0
Iteration 219 / 1000 . Distance = 2190.0
Iteration 220 / 1000 . Distance = 2200.0
Iteration 221 / 1000 . Distance = 2210.0
Iteration 222 / 1000 . Distance = 2220.0
Iteration 223 / 1000 . Distance = 2230.0
Iteration 224 / 1000 . Distance = 2240.0
Iteration 225 / 1000 . Distance = 2250.0
Iteration 226 / 1000 . Distance = 2260.0
Iteration 227 / 1000 . Distance = 2270.0
Iteration 228 / 1000 . Distance = 2280.0
Iteration 229 / 1000 . Distance = 2290.0
Iteration 230 / 1000 . Distance = 2300.0
Iteration 231 / 1000 . Distance = 2310.0
Iteration 232 / 1000 . Distance = 2320.0
Iteration 233 / 1000 . Distance = 2330.0
Iteration 234 / 1000 . Distance = 2340.0
Iteration 235 / 1000 . Distance = 2350.0
Iteration 236 / 1000 . Distance = 2360.0
Iteration 237 / 1000 . Distance = 2370.0
Iteration 238 / 1000 . Distance = 2380.0
Iteration 239 / 1000 . Distance = 2390.0
Iteration 240 / 1000 . Distance = 2400.0
Iteration 241 / 1000 . Distance = 2410.0
Iteration 242 / 1000 . Distance = 2420.0
Iteration 243 / 1000 . Distance = 2430.0
Iteration 244 / 1000 . Distance = 2440.0
Iteration 245 / 1000 . Distance = 2450.0
Iteration 246 / 1000 . Distance = 2460.0
Iteration 247 / 1000 . Distance = 2470.0
Iteration 248 / 1000 . Distance = 2480.0
Iteration 249 / 1000 . Distance = 2490.0
Iteration 250 / 1000 . Distance = 2500.0
Iteration 251 / 1000 . Distance = 2510.0
Iteration 252 / 1000 . Distance = 2520.0
Iteration 253 / 1000 . Distance = 2530.0
Iteration 254 / 1000 . Distance = 2540.0
Iteration 255 / 1000 . Distance = 2550.0
Iteration 256 / 1000 . Distance = 2560.0
Iteration 257 / 1000 . Distance = 2570.0
Iteration 258 / 1000 . Distance = 2580.0
Iteration 259 / 1000 . Distance = 2590.0
Iteration 260 / 1000 . Distance = 2600.0
Iteration 261 / 1000 . Distance = 2610.0
Iteration 262 / 1000 . Distance = 2620.0
Iteration 263 / 1000 . Distance = 2630.0
Iteration 264 / 1000 . Distance = 2640.0
Iteration 265 / 1000 . Distance = 2650.0
Iteration 266 / 1000 . Distance = 2660.0
Iteration 267 / 1000 . Distance = 2670.0
Iteration 268 / 1000 . Distance = 2680.0
Iteration 269 / 1000 . Distance = 2690.0
Iteration 270 / 1000 . Distance = 2700.0
Iteration 271 / 1000 . Distance = 2710.0
Iteration 272 / 1000 . Distance = 2720.0
Iteration 273 / 1000 . Distance = 2730.0
Iteration 274 / 1000 . Distance = 2740.0
Iteration 275 / 1000 . Distance = 2750.0
Iteration 276 / 1000 . Distance = 2760.0
Iteration 277 / 1000 . Distance = 2770.0
Iteration 278 / 1000 . Distance = 2780.0
Iteration 279 / 1000 . Distance = 2790.0
Iteration 280 / 1000 . Distance = 2800.0
Iteration 281 / 1000 . Distance = 2810.0
Iteration 282 / 1000 . Distance = 2820.0
Iteration 283 / 1000 . Distance = 2830.0
Iteration 284 / 1000 . Distance = 2840.0
Iteration 285 / 1000 . Distance = 2850.0
Iteration 286 / 1000 . Distance = 2860.0
Iteration 287 / 1000 . Distance = 2870.0
Iteration 288 / 1000 . Distance = 2880.0
Iteration 289 / 1000 . Distance = 2890.0
Iteration 290 / 1000 . Distance = 2900.0
Iteration 291 / 1000 . Distance = 2910.0
Iteration 292 / 1000 . Distance = 2920.0
Iteration 293 / 1000 . Distance = 2930.0
Iteration 294 / 1000 . Distance = 2940.0
Iteration 295 / 1000 . Distance = 2950.0
Iteration 296 / 1000 . Distance = 2960.0
Iteration 297 / 1000 . Distance = 2970.0
Iteration 298 / 1000 . Distance = 2980.0
Iteration 299 / 1000 . Distance = 2990.0
Iteration 300 / 1000 . Distance = 3000.0
Iteration 301 / 1000 . Distance = 3010.0
Iteration 302 / 1000 . Distance = 3020.0
Iteration 303 / 1000 . Distance = 3030.0
Iteration 304 / 1000 . Distance = 3040.0
Iteration 305 / 1000 . Distance = 3050.0
Iteration 306 / 1000 . Distance = 3060.0
Iteration 307 / 1000 . Distance = 3070.0
Iteration 308 / 1000 . Distance = 3080.0
Iteration 309 / 1000 . Distance = 3090.0
Iteration 310 / 1000 . Distance = 3100.0
Iteration 311 / 1000 . Distance = 3110.0
Iteration 312 / 1000 . Distance = 3120.0
Iteration 313 / 1000 . Distance = 3130.0
Iteration 314 / 1000 . Distance = 3140.0
Iteration 315 / 1000 . Distance = 3150.0
Iteration 316 / 1000 . Distance = 3160.0
Iteration 317 / 1000 . Distance = 3170.0
Iteration 318 / 1000 . Distance = 3180.0
Iteration 319 / 1000 . Distance = 3190.0
Iteration 320 / 1000 . Distance = 3200.0
Iteration 321 / 1000 . Distance = 3210.0
Iteration 322 / 1000 . Distance = 3220.0
Iteration 323 / 1000 . Distance = 3230.0
Iteration 324 / 1000 . Distance = 3240.0
Iteration 325 / 1000 . Distance = 3250.0
Iteration 326 / 1000 . Distance = 3260.0
Iteration 327 / 1000 . Distance = 3270.0
Iteration 328 / 1000 . Distance = 3280.0
Iteration 329 / 1000 . Distance = 3290.0
Iteration 330 / 1000 . Distance = 3300.0
Iteration 331 / 1000 . Distance = 3310.0
Iteration 332 / 1000 . Distance = 3320.0
Iteration 333 / 1000 . Distance = 3330.0
Iteration 334 / 1000 . Distance = 3340.0
Iteration 335 / 1000 . Distance = 3350.0
Iteration 336 / 1000 . Distance = 3360.0
Iteration 337 / 1000 . Distance = 3370.0
Iteration 338 / 1000 . Distance = 3380.0
Iteration 339 / 1000 . Distance = 3390.0
Iteration 340 / 1000 . Distance = 3400.0
Iteration 341 / 1000 . Distance = 3410.0
Iteration 342 / 1000 . Distance = 3420.0
Iteration 343 / 1000 . Distance = 3430.0
Iteration 344 / 1000 . Distance = 3440.0
Iteration 345 / 1000 . Distance = 3450.0
Iteration 346 / 1000 . Distance = 3460.0
Iteration 347 / 1000 . Distance = 3470.0
Iteration 348 / 1000 . Distance = 3480.0
Iteration 349 / 1000 . Distance = 3490.0
Iteration 350 / 1000 . Distance = 3500.0
Iteration 351 / 1000 . Distance = 3510.0
Iteration 352 / 1000 . Distance = 3520.0
Iteration 353 / 1000 . Distance = 3530.0
Iteration 354 / 1000 . Distance = 3540.0
Iteration 355 / 1000 . Distance = 3550.0
Iteration 356 / 1000 . Distance = 3560.0
Iteration 357 / 1000 . Distance = 3570.0
Iteration 358 / 1000 . Distance = 3580.0
Iteration 359 / 1000 . Distance = 3590.0
Iteration 360 / 1000 . Distance = 3600.0
Iteration 361 / 1000 . Distance = 3610.0
Iteration 362 / 1000 . Distance = 3620.0
Iteration 363 / 1000 . Distance = 3630.0
Iteration 364 / 1000 . Distance = 3640.0
Iteration 365 / 1000 . Distance = 3650.0
Iteration 366 / 1000 . Distance = 3660.0
Iteration 367 / 1000 . Distance = 3670.0
Iteration 368 / 1000 . Distance = 3680.0
Iteration 369 / 1000 . Distance = 3690.0
Iteration 370 / 1000 . Distance = 3700.0
Iteration 371 / 1000 . Distance = 3710.0
Iteration 372 / 1000 . Distance = 3720.0
Iteration 373 / 1000 . Distance = 3730.0
Iteration 374 / 1000 . Distance = 3740.0
Iteration 375 / 1000 . Distance = 3750.0
Iteration 376 / 1000 . Distance = 3760.0
Iteration 377 / 1000 . Distance = 3770.0
Iteration 378 / 1000 . Distance = 3780.0
Iteration 379 / 1000 . Distance = 3790.0
Iteration 380 / 1000 . Distance = 3800.0
Iteration 381 / 1000 . Distance = 3810.0
Iteration 382 / 1000 . Distance = 3820.0
Iteration 383 / 1000 . Distance = 3830.0
Iteration 384 / 1000 . Distance = 3840.0
Iteration 385 / 1000 . Distance = 3850.0
Iteration 386 / 1000 . Distance = 3860.0
Iteration 387 / 1000 . Distance = 3870.0
Iteration 388 / 1000 . Distance = 3880.0
Iteration 389 / 1000 . Distance = 3890.0
Iteration 390 / 1000 . Distance = 3900.0
Iteration 391 / 1000 . Distance = 3910.0
Iteration 392 / 1000 . Distance = 3920.0
Iteration 393 / 1000 . Distance = 3930.0
Iteration 394 / 1000 . Distance = 3940.0
Iteration 395 / 1000 . Distance = 3950.0
Iteration 396 / 1000 . Distance = 3960.0
Iteration 397 / 1000 . Distance = 3970.0
Iteration 398 / 1000 . Distance = 3980.0
Iteration 399 / 1000 . Distance = 3990.0
Iteration 400 / 1000 . Distance = 4000.0
Iteration 401 / 1000 . Distance = 4010.0
Iteration 402 / 1000 . Distance = 4020.0
Iteration 403 / 1000 . Distance = 4030.0
Iteration 404 / 1000 . Distance = 4040.0
Iteration 405 / 1000 . Distance = 4050.0
Iteration 406 / 1000 . Distance = 4060.0
Iteration 407 / 1000 . Distance = 4070.0
Iteration 408 / 1000 . Distance = 4080.0
Iteration 409 / 1000 . Distance = 4090.0
Iteration 410 / 1000 . Distance = 4100.0
Iteration 411 / 1000 . Distance = 4110.0
Iteration 412 / 1000 . Distance = 4120.0
Iteration 413 / 1000 . Distance = 4130.0
Iteration 414 / 1000 . Distance = 4140.0
Iteration 415 / 1000 . Distance = 4150.0
Iteration 416 / 1000 . Distance = 4160.0
Iteration 417 / 1000 . Distance = 4170.0
Iteration 418 / 1000 . Distance = 4180.0
Iteration 419 / 1000 . Distance = 4190.0
Iteration 420 / 1000 . Distance = 4200.0
Iteration 421 / 1000 . Distance = 4210.0
Iteration 422 / 1000 . Distance = 4220.0
Iteration 423 / 1000 . Distance = 4230.0
Iteration 424 / 1000 . Distance = 4240.0
Iteration 425 / 1000 . Distance = 4250.0
Iteration 426 / 1000 . Distance = 4260.0
Iteration 427 / 1000 . Distance = 4270.0
Iteration 428 / 1000 . Distance = 4280.0
Iteration 429 / 1000 . Distance = 4290.0
Iteration 430 / 1000 . Distance = 4300.0
Iteration 431 / 1000 . Distance = 4310.0
Iteration 432 / 1000 . Distance = 4320.0
Iteration 433 / 1000 . Distance = 4330.0
Iteration 434 / 1000 . Distance = 4340.0
Iteration 435 / 1000 . Distance = 4350.0
Iteration 436 / 1000 . Distance = 4360.0
Iteration 437 / 1000 . Distance = 4370.0
Iteration 438 / 1000 . Distance = 4380.0
Iteration 439 / 1000 . Distance = 4390.0
Iteration 440 / 1000 . Distance = 4400.0
Iteration 441 / 1000 . Distance = 4410.0
Iteration 442 / 1000 . Distance = 4420.0
Iteration 443 / 1000 . Distance = 4430.0
Iteration 444 / 1000 . Distance = 4440.0
Iteration 445 / 1000 . Distance = 4450.0
Iteration 446 / 1000 . Distance = 4460.0
Iteration 447 / 1000 . Distance = 4470.0
Iteration 448 / 1000 . Distance = 4480.0
Iteration 449 / 1000 . Distance = 4490.0
Iteration 450 / 1000 . Distance = 4500.0
Iteration 451 / 1000 . Distance = 4510.0
Iteration 452 / 1000 . Distance = 4520.0
Iteration 453 / 1000 . Distance = 4530.0
Iteration 454 / 1000 . Distance = 4540.0
Iteration 455 / 1000 . Distance = 4550.0
Iteration 456 / 1000 . Distance = 4560.0
Iteration 457 / 1000 . Distance = 4570.0
Iteration 458 / 1000 . Distance = 4580.0
Iteration 459 / 1000 . Distance = 4590.0
Iteration 460 / 1000 . Distance = 4600.0
Iteration 461 / 1000 . Distance = 4610.0
Iteration 462 / 1000 . Distance = 4620.0
Iteration 463 / 1000 . Distance = 4630.0
Iteration 464 / 1000 . Distance = 4640.0
Iteration 465 / 1000 . Distance = 4650.0
Iteration 466 / 1000 . Distance = 4660.0
Iteration 467 / 1000 . Distance = 4670.0
Iteration 468 / 1000 . Distance = 4680.0
Iteration 469 / 1000 . Distance = 4690.0
Iteration 470 / 1000 . Distance = 4700.0
Iteration 471 / 1000 . Distance = 4710.0
Iteration 472 / 1000 . Distance = 4720.0
Iteration 473 / 1000 . Distance = 4730.0
Iteration 474 / 1000 . Distance = 4740.0
Iteration 475 / 1000 . Distance = 4750.0
Iteration 476 / 1000 . Distance = 4760.0
Iteration 477 / 1000 . Distance = 4770.0
Iteration 478 / 1000 . Distance = 4780.0
Iteration 479 / 1000 . Distance = 4790.0
Iteration 480 / 1000 . Distance = 4800.0
Iteration 481 / 1000 . Distance = 4810.0
Iteration 482 / 1000 . Distance = 4820.0
Iteration 483 / 1000 . Distance = 4830.0
Iteration 484 / 1000 . Distance = 4840.0
Iteration 485 / 1000 . Distance = 4850.0
Iteration 486 / 1000 . Distance = 4860.0
Iteration 487 / 1000 . Distance = 4870.0
Iteration 488 / 1000 . Distance = 4880.0
Iteration 489 / 1000 . Distance = 4890.0
Iteration 490 / 1000 . Distance = 4900.0
Iteration 491 / 1000 . Distance = 4910.0
Iteration 492 / 1000 . Distance = 4920.0
Iteration 493 / 1000 . Distance = 4930.0
Iteration 494 / 1000 . Distance = 4940.0
Iteration 495 / 1000 . Distance = 4950.0
Iteration 496 / 1000 . Distance = 4960.0
Iteration 497 / 1000 . Distance = 4970.0
Iteration 498 / 1000 . Distance = 4980.0
Iteration 499 / 1000 . Distance = 4990.0
Iteration 500 / 1000 . Distance = 5000.0
Iteration 501 / 1000 . Distance = 5010.0
Iteration 502 / 1000 . Distance = 5020.0
Iteration 503 / 1000 . Distance = 5030.0
Iteration 504 / 1000 . Distance = 5040.0
Iteration 505 / 1000 . Distance = 5050.0
Iteration 506 / 1000 . Distance = 5060.0
Iteration 507 / 1000 . Distance = 5070.0
Iteration 508 / 1000 . Distance = 5080.0
Iteration 509 / 1000 . Distance = 5090.0
Iteration 510 / 1000 . Distance = 5100.0
Iteration 511 / 1000 . Distance = 5110.0
Iteration 512 / 1000 . Distance = 5120.0
Iteration 513 / 1000 . Distance = 5130.0
Iteration 514 / 1000 . Distance = 5140.0
Iteration 515 / 1000 . Distance = 5150.0
Iteration 516 / 1000 . Distance = 5160.0
Iteration 517 / 1000 . Distance = 5170.0
Iteration 518 / 1000 . Distance = 5180.0
Iteration 519 / 1000 . Distance = 5190.0
Iteration 520 / 1000 . Distance = 5200.0
Iteration 521 / 1000 . Distance = 5210.0
Iteration 522 / 1000 . Distance = 5220.0
Iteration 523 / 1000 . Distance = 5230.0
Iteration 524 / 1000 . Distance = 5240.0
Iteration 525 / 1000 . Distance = 5250.0
Iteration 526 / 1000 . Distance = 5260.0
Iteration 527 / 1000 . Distance = 5270.0
Iteration 528 / 1000 . Distance = 5280.0
Iteration 529 / 1000 . Distance = 5290.0
Iteration 530 / 1000 . Distance = 5300.0
Iteration 531 / 1000 . Distance = 5310.0
Iteration 532 / 1000 . Distance = 5320.0
Iteration 533 / 1000 . Distance = 5330.0
Iteration 534 / 1000 . Distance = 5340.0
Iteration 535 / 1000 . Distance = 5350.0
Iteration 536 / 1000 . Distance = 5360.0
Iteration 537 / 1000 . Distance = 5370.0
Iteration 538 / 1000 . Distance = 5380.0
Iteration 539 / 1000 . Distance = 5390.0
Iteration 540 / 1000 . Distance = 5400.0
Iteration 541 / 1000 . Distance = 5410.0
Iteration 542 / 1000 . Distance = 5420.0
Iteration 543 / 1000 . Distance = 5430.0
Iteration 544 / 1000 . Distance = 5440.0
Iteration 545 / 1000 . Distance = 5450.0
Iteration 546 / 1000 . Distance = 5460.0
Iteration 547 / 1000 . Distance = 5470.0
Iteration 548 / 1000 . Distance = 5480.0
Iteration 549 / 1000 . Distance = 5490.0
Iteration 550 / 1000 . Distance = 5500.0
Iteration 551 / 1000 . Distance = 5510.0
Iteration 552 / 1000 . Distance = 5520.0
Iteration 553 / 1000 . Distance = 5530.0
Iteration 554 / 1000 . Distance = 5540.0
Iteration 555 / 1000 . Distance = 5550.0
Iteration 556 / 1000 . Distance = 5560.0
Iteration 557 / 1000 . Distance = 5570.0
Iteration 558 / 1000 . Distance = 5580.0
Iteration 559 / 1000 . Distance = 5590.0
Iteration 560 / 1000 . Distance = 5600.0
Iteration 561 / 1000 . Distance = 5610.0
Iteration 562 / 1000 . Distance = 5620.0
Iteration 563 / 1000 . Distance = 5630.0
Iteration 564 / 1000 . Distance = 5640.0
Iteration 565 / 1000 . Distance = 5650.0
Iteration 566 / 1000 . Distance = 5660.0
Iteration 567 / 1000 . Distance = 5670.0
Iteration 568 / 1000 . Distance = 5680.0
Iteration 569 / 1000 . Distance = 5690.0
Iteration 570 / 1000 . Distance = 5700.0
Iteration 571 / 1000 . Distance = 5710.0
Iteration 572 / 1000 . Distance = 5720.0
Iteration 573 / 1000 . Distance = 5730.0
Iteration 574 / 1000 . Distance = 5740.0
Iteration 575 / 1000 . Distance = 5750.0
Iteration 576 / 1000 . Distance = 5760.0
Iteration 577 / 1000 . Distance = 5770.0
Iteration 578 / 1000 . Distance = 5780.0
Iteration 579 / 1000 . Distance = 5790.0
Iteration 580 / 1000 . Distance = 5800.0
Iteration 581 / 1000 . Distance = 5810.0
Iteration 582 / 1000 . Distance = 5820.0
Iteration 583 / 1000 . Distance = 5830.0
Iteration 584 / 1000 . Distance = 5840.0
Iteration 585 / 1000 . Distance = 5850.0
Iteration 586 / 1000 . Distance = 5860.0
Iteration 587 / 1000 . Distance = 5870.0
Iteration 588 / 1000 . Distance = 5880.0
Iteration 589 / 1000 . Distance = 5890.0
Iteration 590 / 1000 . Distance = 5900.0
Iteration 591 / 1000 . Distance = 5910.0
Iteration 592 / 1000 . Distance = 5920.0
Iteration 593 / 1000 . Distance = 5930.0
Iteration 594 / 1000 . Distance = 5940.0
Iteration 595 / 1000 . Distance = 5950.0
Iteration 596 / 1000 . Distance = 5960.0
Iteration 597 / 1000 . Distance = 5970.0
Iteration 598 / 1000 . Distance = 5980.0
Iteration 599 / 1000 . Distance = 5990.0
Iteration 600 / 1000 . Distance = 6000.0
Iteration 601 / 1000 . Distance = 6010.0
Iteration 602 / 1000 . Distance = 6020.0
Iteration 603 / 1000 . Distance = 6030.0
Iteration 604 / 1000 . Distance = 6040.0
Iteration 605 / 1000 . Distance = 6050.0
Iteration 606 / 1000 . Distance = 6060.0
Iteration 607 / 1000 . Distance = 6070.0
Iteration 608 / 1000 . Distance = 6080.0
Iteration 609 / 1000 . Distance = 6090.0
Iteration 610 / 1000 . Distance = 6100.0
Iteration 611 / 1000 . Distance = 6110.0
Iteration 612 / 1000 . Distance = 6120.0
Iteration 613 / 1000 . Distance = 6130.0
Iteration 614 / 1000 . Distance = 6140.0
Iteration 615 / 1000 . Distance = 6150.0
Iteration 616 / 1000 . Distance = 6160.0
Iteration 617 / 1000 . Distance = 6170.0
Iteration 618 / 1000 . Distance = 6180.0
Iteration 619 / 1000 . Distance = 6190.0
Iteration 620 / 1000 . Distance = 6200.0
Iteration 621 / 1000 . Distance = 6210.0
Iteration 622 / 1000 . Distance = 6220.0
Iteration 623 / 1000 . Distance = 6230.0
Iteration 624 / 1000 . Distance = 6240.0
Iteration 625 / 1000 . Distance = 6250.0
Iteration 626 / 1000 . Distance = 6260.0
Iteration 627 / 1000 . Distance = 6270.0
Iteration 628 / 1000 . Distance = 6280.0
Iteration 629 / 1000 . Distance = 6290.0
Iteration 630 / 1000 . Distance = 6300.0
Iteration 631 / 1000 . Distance = 6310.0
Iteration 632 / 1000 . Distance = 6320.0
Iteration 633 / 1000 . Distance = 6330.0
Iteration 634 / 1000 . Distance = 6340.0
Iteration 635 / 1000 . Distance = 6350.0
Iteration 636 / 1000 . Distance = 6360.0
Iteration 637 / 1000 . Distance = 6370.0
Iteration 638 / 1000 . Distance = 6380.0
Iteration 639 / 1000 . Distance = 6390.0
Iteration 640 / 1000 . Distance = 6400.0
Iteration 641 / 1000 . Distance = 6410.0
Iteration 642 / 1000 . Distance = 6420.0
Iteration 643 / 1000 . Distance = 6430.0
Iteration 644 / 1000 . Distance = 6440.0
Iteration 645 / 1000 . Distance = 6450.0
Iteration 646 / 1000 . Distance = 6460.0
Iteration 647 / 1000 . Distance = 6470.0
Iteration 648 / 1000 . Distance = 6480.0
Iteration 649 / 1000 . Distance = 6490.0
Iteration 650 / 1000 . Distance = 6500.0
Iteration 651 / 1000 . Distance = 6510.0
Iteration 652 / 1000 . Distance = 6520.0
Iteration 653 / 1000 . Distance = 6530.0
Iteration 654 / 1000 . Distance = 6540.0
Iteration 655 / 1000 . Distance = 6550.0
Iteration 656 / 1000 . Distance = 6560.0
Iteration 657 / 1000 . Distance = 6570.0
Iteration 658 / 1000 . Distance = 6580.0
Iteration 659 / 1000 . Distance = 6590.0
Iteration 660 / 1000 . Distance = 6600.0
Iteration 661 / 1000 . Distance = 6610.0
Iteration 662 / 1000 . Distance = 6620.0
Iteration 663 / 1000 . Distance = 6630.0
Iteration 664 / 1000 . Distance = 6640.0
Iteration 665 / 1000 . Distance = 6650.0
Iteration 666 / 1000 . Distance = 6660.0
Iteration 667 / 1000 . Distance = 6670.0
Iteration 668 / 1000 . Distance = 6680.0
Iteration 669 / 1000 . Distance = 6690.0
Iteration 670 / 1000 . Distance = 6700.0
Iteration 671 / 1000 . Distance = 6710.0
Iteration 672 / 1000 . Distance = 6720.0
Iteration 673 / 1000 . Distance = 6730.0
Iteration 674 / 1000 . Distance = 6740.0
Iteration 675 / 1000 . Distance = 6750.0
Iteration 676 / 1000 . Distance = 6760.0
Iteration 677 / 1000 . Distance = 6770.0
Iteration 678 / 1000 . Distance = 6780.0
Iteration 679 / 1000 . Distance = 6790.0
Iteration 680 / 1000 . Distance = 6800.0
Iteration 681 / 1000 . Distance = 6810.0
Iteration 682 / 1000 . Distance = 6820.0
Iteration 683 / 1000 . Distance = 6830.0
Iteration 684 / 1000 . Distance = 6840.0
Iteration 685 / 1000 . Distance = 6850.0
Iteration 686 / 1000 . Distance = 6860.0
Iteration 687 / 1000 . Distance = 6870.0
Iteration 688 / 1000 . Distance = 6880.0
Iteration 689 / 1000 . Distance = 6890.0
Iteration 690 / 1000 . Distance = 6900.0
Iteration 691 / 1000 . Distance = 6910.0
Iteration 692 / 1000 . Distance = 6920.0
Iteration 693 / 1000 . Distance = 6930.0
Iteration 694 / 1000 . Distance = 6940.0
Iteration 695 / 1000 . Distance = 6950.0
Iteration 696 / 1000 . Distance = 6960.0
Iteration 697 / 1000 . Distance = 6970.0
Iteration 698 / 1000 . Distance = 6980.0
Iteration 699 / 1000 . Distance = 6990.0
Iteration 700 / 1000 . Distance = 7000.0
Iteration 701 / 1000 . Distance = 7010.0
Iteration 702 / 1000 . Distance = 7020.0
Iteration 703 / 1000 . Distance = 7030.0
Iteration 704 / 1000 . Distance = 7040.0
Iteration 705 / 1000 . Distance = 7050.0
Iteration 706 / 1000 . Distance = 7060.0
Iteration 707 / 1000 . Distance = 7070.0
Iteration 708 / 1000 . Distance = 7080.0
Iteration 709 / 1000 . Distance = 7090.0
Iteration 710 / 1000 . Distance = 7100.0
Iteration 711 / 1000 . Distance = 7110.0
Iteration 712 / 1000 . Distance = 7120.0
Iteration 713 / 1000 . Distance = 7130.0
Iteration 714 / 1000 . Distance = 7140.0
Iteration 715 / 1000 . Distance = 7150.0
Iteration 716 / 1000 . Distance = 7160.0
Iteration 717 / 1000 . Distance = 7170.0
Iteration 718 / 1000 . Distance = 7180.0
Iteration 719 / 1000 . Distance = 7190.0
Iteration 720 / 1000 . Distance = 7200.0
Iteration 721 / 1000 . Distance = 7210.0
Iteration 722 / 1000 . Distance = 7220.0
Iteration 723 / 1000 . Distance = 7230.0
Iteration 724 / 1000 . Distance = 7240.0
Iteration 725 / 1000 . Distance = 7250.0
Iteration 726 / 1000 . Distance = 7260.0
Iteration 727 / 1000 . Distance = 7270.0
Iteration 728 / 1000 . Distance = 7280.0
Iteration 729 / 1000 . Distance = 7290.0
Iteration 730 / 1000 . Distance = 7300.0
Iteration 731 / 1000 . Distance = 7310.0
Iteration 732 / 1000 . Distance = 7320.0
Iteration 733 / 1000 . Distance = 7330.0
Iteration 734 / 1000 . Distance = 7340.0
Iteration 735 / 1000 . Distance = 7350.0
Iteration 736 / 1000 . Distance = 7360.0
Iteration 737 / 1000 . Distance = 7370.0
Iteration 738 / 1000 . Distance = 7380.0
Iteration 739 / 1000 . Distance = 7390.0
Iteration 740 / 1000 . Distance = 7400.0
Iteration 741 / 1000 . Distance = 7410.0
Iteration 742 / 1000 . Distance = 7420.0
Iteration 743 / 1000 . Distance = 7430.0
Iteration 744 / 1000 . Distance = 7440.0
Iteration 745 / 1000 . Distance = 7450.0
Iteration 746 / 1000 . Distance = 7460.0
Iteration 747 / 1000 . Distance = 7470.0
Iteration 748 / 1000 . Distance = 7480.0
Iteration 749 / 1000 . Distance = 7490.0
Iteration 750 / 1000 . Distance = 7500.0
Iteration 751 / 1000 . Distance = 7510.0
Iteration 752 / 1000 . Distance = 7520.0
Iteration 753 / 1000 . Distance = 7530.0
Iteration 754 / 1000 . Distance = 7540.0
Iteration 755 / 1000 . Distance = 7550.0
Iteration 756 / 1000 . Distance = 7560.0
Iteration 757 / 1000 . Distance = 7570.0
Iteration 758 / 1000 . Distance = 7580.0
Iteration 759 / 1000 . Distance = 7590.0
Iteration 760 / 1000 . Distance = 7600.0
Iteration 761 / 1000 . Distance = 7610.0
Iteration 762 / 1000 . Distance = 7620.0
Iteration 763 / 1000 . Distance = 7630.0
Iteration 764 / 1000 . Distance = 7640.0
Iteration 765 / 1000 . Distance = 7650.0
Iteration 766 / 1000 . Distance = 7660.0
Iteration 767 / 1000 . Distance = 7670.0
Iteration 768 / 1000 . Distance = 7680.0
Iteration 769 / 1000 . Distance = 7690.0
Iteration 770 / 1000 . Distance = 7700.0
Iteration 771 / 1000 . Distance = 7710.0
Iteration 772 / 1000 . Distance = 7720.0
Iteration 773 / 1000 . Distance = 7730.0
Iteration 774 / 1000 . Distance = 7740.0
Iteration 775 / 1000 . Distance = 7750.0
Iteration 776 / 1000 . Distance = 7760.0
Iteration 777 / 1000 . Distance = 7770.0
Iteration 778 / 1000 . Distance = 7780.0
Iteration 779 / 1000 . Distance = 7790.0
Iteration 780 / 1000 . Distance = 7800.0
Iteration 781 / 1000 . Distance = 7810.0
Iteration 782 / 1000 . Distance = 7820.0
Iteration 783 / 1000 . Distance = 7830.0
Iteration 784 / 1000 . Distance = 7840.0
Iteration 785 / 1000 . Distance = 7850.0
Iteration 786 / 1000 . Distance = 7860.0
Iteration 787 / 1000 . Distance = 7870.0
Iteration 788 / 1000 . Distance = 7880.0
Iteration 789 / 1000 . Distance = 7890.0
Iteration 790 / 1000 . Distance = 7900.0
Iteration 791 / 1000 . Distance = 7910.0
Iteration 792 / 1000 . Distance = 7920.0
Iteration 793 / 1000 . Distance = 7930.0
Iteration 794 / 1000 . Distance = 7940.0
Iteration 795 / 1000 . Distance = 7950.0
Iteration 796 / 1000 . Distance = 7960.0
Iteration 797 / 1000 . Distance = 7970.0
Iteration 798 / 1000 . Distance = 7980.0
Iteration 799 / 1000 . Distance = 7990.0
Iteration 800 / 1000 . Distance = 8000.0
Iteration 801 / 1000 . Distance = 8010.0
Iteration 802 / 1000 . Distance = 8020.0
Iteration 803 / 1000 . Distance = 8030.0
Iteration 804 / 1000 . Distance = 8040.0
Iteration 805 / 1000 . Distance = 8050.0
Iteration 806 / 1000 . Distance = 8060.0
Iteration 807 / 1000 . Distance = 8070.0
Iteration 808 / 1000 . Distance = 8080.0
Iteration 809 / 1000 . Distance = 8090.0
Iteration 810 / 1000 . Distance = 8100.0
Iteration 811 / 1000 . Distance = 8110.0
Iteration 812 / 1000 . Distance = 8120.0
Iteration 813 / 1000 . Distance = 8130.0
Iteration 814 / 1000 . Distance = 8140.0
Iteration 815 / 1000 . Distance = 8150.0
Iteration 816 / 1000 . Distance = 8160.0
Iteration 817 / 1000 . Distance = 8170.0
Iteration 818 / 1000 . Distance = 8180.0
Iteration 819 / 1000 . Distance = 8190.0
Iteration 820 / 1000 . Distance = 8200.0
Iteration 821 / 1000 . Distance = 8210.0
Iteration 822 / 1000 . Distance = 8220.0
Iteration 823 / 1000 . Distance = 8230.0
Iteration 824 / 1000 . Distance = 8240.0
Iteration 825 / 1000 . Distance = 8250.0
Iteration 826 / 1000 . Distance = 8260.0
Iteration 827 / 1000 . Distance = 8270.0
Iteration 828 / 1000 . Distance = 8280.0
Iteration 829 / 1000 . Distance = 8290.0
Iteration 830 / 1000 . Distance = 8300.0
Iteration 831 / 1000 . Distance = 8310.0
Iteration 832 / 1000 . Distance = 8320.0
Iteration 833 / 1000 . Distance = 8330.0
Iteration 834 / 1000 . Distance = 8340.0
Iteration 835 / 1000 . Distance = 8350.0
Iteration 836 / 1000 . Distance = 8360.0
Iteration 837 / 1000 . Distance = 8370.0
Iteration 838 / 1000 . Distance = 8380.0
Iteration 839 / 1000 . Distance = 8390.0
Iteration 840 / 1000 . Distance = 8400.0
Iteration 841 / 1000 . Distance = 8410.0
Iteration 842 / 1000 . Distance = 8420.0
Iteration 843 / 1000 . Distance = 8430.0
Iteration 844 / 1000 . Distance = 8440.0
Iteration 845 / 1000 . Distance = 8450.0
Iteration 846 / 1000 . Distance = 8460.0
Iteration 847 / 1000 . Distance = 8470.0
Iteration 848 / 1000 . Distance = 8480.0
Iteration 849 / 1000 . Distance = 8490.0
Iteration 850 / 1000 . Distance = 8500.0
Iteration 851 / 1000 . Distance = 8510.0
Iteration 852 / 1000 . Distance = 8520.0
Iteration 853 / 1000 . Distance = 8530.0
Iteration 854 / 1000 . Distance = 8540.0
Iteration 855 / 1000 . Distance = 8550.0
Iteration 856 / 1000 . Distance = 8560.0
Iteration 857 / 1000 . Distance = 8570.0
Iteration 858 / 1000 . Distance = 8580.0
Iteration 859 / 1000 . Distance = 8590.0
Iteration 860 / 1000 . Distance = 8600.0
Iteration 861 / 1000 . Distance = 8610.0
Iteration 862 / 1000 . Distance = 8620.0
Iteration 863 / 1000 . Distance = 8630.0
Iteration 864 / 1000 . Distance = 8640.0
Iteration 865 / 1000 . Distance = 8650.0
Iteration 866 / 1000 . Distance = 8660.0
Iteration 867 / 1000 . Distance = 8670.0
Iteration 868 / 1000 . Distance = 8680.0
Iteration 869 / 1000 . Distance = 8690.0
Iteration 870 / 1000 . Distance = 8700.0
Iteration 871 / 1000 . Distance = 8710.0
Iteration 872 / 1000 . Distance = 8720.0
Iteration 873 / 1000 . Distance = 8730.0
Iteration 874 / 1000 . Distance = 8740.0
Iteration 875 / 1000 . Distance = 8750.0
Iteration 876 / 1000 . Distance = 8760.0
Iteration 877 / 1000 . Distance = 8770.0
Iteration 878 / 1000 . Distance = 8780.0
Iteration 879 / 1000 . Distance = 8790.0
Iteration 880 / 1000 . Distance = 8800.0
Iteration 881 / 1000 . Distance = 8810.0
Iteration 882 / 1000 . Distance = 8820.0
Iteration 883 / 1000 . Distance = 8830.0
Iteration 884 / 1000 . Distance = 8840.0
Iteration 885 / 1000 . Distance = 8850.0
Iteration 886 / 1000 . Distance = 8860.0
Iteration 887 / 1000 . Distance = 8870.0
Iteration 888 / 1000 . Distance = 8880.0
Iteration 889 / 1000 . Distance = 8890.0
Iteration 890 / 1000 . Distance = 8900.0
Iteration 891 / 1000 . Distance = 8910.0
Iteration 892 / 1000 . Distance = 8920.0
Iteration 893 / 1000 . Distance = 8930.0
Iteration 894 / 1000 . Distance = 8940.0
Iteration 895 / 1000 . Distance = 8950.0
Iteration 896 / 1000 . Distance = 8960.0
Iteration 897 / 1000 . Distance = 8970.0
Iteration 898 / 1000 . Distance = 8980.0
Iteration 899 / 1000 . Distance = 8990.0
Iteration 900 / 1000 . Distance = 9000.0
Iteration 901 / 1000 . Distance = 9010.0
Iteration 902 / 1000 . Distance = 9020.0
Iteration 903 / 1000 . Distance = 9030.0
Iteration 904 / 1000 . Distance = 9040.0
Iteration 905 / 1000 . Distance = 9050.0
Iteration 906 / 1000 . Distance = 9060.0
Iteration 907 / 1000 . Distance = 9070.0
Iteration 908 / 1000 . Distance = 9080.0
Iteration 909 / 1000 . Distance = 9090.0
Iteration 910 / 1000 . Distance = 9100.0
Iteration 911 / 1000 . Distance = 9110.0
Iteration 912 / 1000 . Distance = 9120.0
Iteration 913 / 1000 . Distance = 9130.0
Iteration 914 / 1000 . Distance = 9140.0
Iteration 915 / 1000 . Distance = 9150.0
Iteration 916 / 1000 . Distance = 9160.0
Iteration 917 / 1000 . Distance = 9170.0
Iteration 918 / 1000 . Distance = 9180.0
Iteration 919 / 1000 . Distance = 9190.0
Iteration 920 / 1000 . Distance = 9200.0
Iteration 921 / 1000 . Distance = 9210.0
Iteration 922 / 1000 . Distance = 9220.0
Iteration 923 / 1000 . Distance = 9230.0
Iteration 924 / 1000 . Distance = 9240.0
Iteration 925 / 1000 . Distance = 9250.0
Iteration 926 / 1000 . Distance = 9260.0
Iteration 927 / 1000 . Distance = 9270.0
Iteration 928 / 1000 . Distance = 9280.0
Iteration 929 / 1000 . Distance = 9290.0
Iteration 930 / 1000 . Distance = 9300.0
Iteration 931 / 1000 . Distance = 9310.0
Iteration 932 / 1000 . Distance = 9320.0
Iteration 933 / 1000 . Distance = 9330.0
Iteration 934 / 1000 . Distance = 9340.0
Iteration 935 / 1000 . Distance = 9350.0
Iteration 936 / 1000 . Distance = 9360.0
Iteration 937 / 1000 . Distance = 9370.0
Iteration 938 / 1000 . Distance = 9380.0
Iteration 939 / 1000 . Distance = 9390.0
Iteration 940 / 1000 . Distance = 9400.0
Iteration 941 / 1000 . Distance = 9410.0
Iteration 942 / 1000 . Distance = 9420.0
Iteration 943 / 1000 . Distance = 9430.0
Iteration 944 / 1000 . Distance = 9440.0
Iteration 945 / 1000 . Distance = 9450.0
Iteration 946 / 1000 . Distance = 9460.0
Iteration 947 / 1000 . Distance = 9470.0
Iteration 948 / 1000 . Distance = 9480.0
Iteration 949 / 1000 . Distance = 9490.0
Iteration 950 / 1000 . Distance = 9500.0
Iteration 951 / 1000 . Distance = 9510.0
Iteration 952 / 1000 . Distance = 9520.0
Iteration 953 / 1000 . Distance = 9530.0
Iteration 954 / 1000 . Distance = 9540.0
Iteration 955 / 1000 . Distance = 9550.0
Iteration 956 / 1000 . Distance = 9560.0
Iteration 957 / 1000 . Distance = 9570.0
Iteration 958 / 1000 . Distance = 9580.0
Iteration 959 / 1000 . Distance = 9590.0
Iteration 960 / 1000 . Distance = 9600.0
Iteration 961 / 1000 . Distance = 9610.0
Iteration 962 / 1000 . Distance = 9620.0
Iteration 963 / 1000 . Distance = 9630.0
Iteration 964 / 1000 . Distance = 9640.0
Iteration 965 / 1000 . Distance = 9650.0
Iteration 966 / 1000 . Distance = 9660.0
Iteration 967 / 1000 . Distance = 9670.0
Iteration 968 / 1000 . Distance = 9680.0
Iteration 969 / 1000 . Distance = 9690.0
Iteration 970 / 1000 . Distance = 9700.0
Iteration 971 / 1000 . Distance = 9710.0
Iteration 972 / 1000 . Distance = 9720.0
Iteration 973 / 1000 . Distance = 9730.0
Iteration 974 / 1000 . Distance = 9740.0
Iteration 975 / 1000 . Distance = 9750.0
Iteration 976 / 1000 . Distance = 9760.0
Iteration 977 / 1000 . Distance = 9770.0
Iteration 978 / 1000 . Distance = 9780.0
Iteration 979 / 1000 . Distance = 9790.0
Iteration 980 / 1000 . Distance = 9800.0
Iteration 981 / 1000 . Distance = 9810.0
Iteration 982 / 1000 . Distance = 9820.0
Iteration 983 / 1000 . Distance = 9830.0
Iteration 984 / 1000 . Distance = 9840.0
Iteration 985 / 1000 . Distance = 9850.0
Iteration 986 / 1000 . Distance = 9860.0
Iteration 987 / 1000 . Distance = 9870.0
Iteration 988 / 1000 . Distance = 9880.0
Iteration 989 / 1000 . Distance = 9890.0
Iteration 990 / 1000 . Distance = 9900.0
Iteration 991 / 1000 . Distance = 9910.0
Iteration 992 / 1000 . Distance = 9920.0
Iteration 993 / 1000 . Distance = 9930.0
Iteration 994 / 1000 . Distance = 9940.0
Iteration 995 / 1000 . Distance = 9950.0
Iteration 996 / 1000 . Distance = 9960.0
Iteration 997 / 1000 . Distance = 9970.0
Iteration 998 / 1000 . Distance = 9980.0
Iteration 999 / 1000 . Distance = 9990.0
Iteration 1000 / 1000 . Distance = 10000.0
Total WWP-H (ms) 3449.0
Distance from the source =  10050.0
max E-field at the max distance =  -55.19 V/m
